<?xml version="1.0" encoding="UTF-8"?>
<!-- Generated by org.testng.reporters.JUnitXMLReporter -->
<testsuite ignored="0" hostname="DESKTOP-BRJJBAP" failures="0" tests="8" name="Default test" time="103.435" errors="0" timestamp="2026-08-11T22:57:00 IST">
  <testcase classname="tests.DashboardSecurityTests" name="testAccountAccessAfterLogin" time="6.622"/>
  <testcase classname="tests.DashboardSecurityTests" name="testAccountAfterLogout" time="24.804"/>
  <testcase classname="tests.DashboardSecurityTests" name="testAccountWithoutLogin" time="20.009"/>
  <testcase classname="tests.LoginTests" name="testEmptyCredentials" time="3.606"/>
  <testcase classname="tests.LoginTests" name="testInvalidEmail" time="4.469"/>
  <testcase classname="tests.LoginTests" name="testInvalidPassword" time="4.655"/>
  <testcase classname="tests.LoginTests" name="testSuccessfulLogin" time="7.005"/>
  <testcase classname="tests.RegistrationTests" name="testCompleteRegistrationLoginAndDuplicateFlow" time="14.811"/>
</testsuite> <!-- Default test -->
