<?xml version="1.0" encoding="UTF-8"?>
<testng-results ignored="0" total="8" passed="8" failed="0" skipped="0">
  <reporter-output>
  </reporter-output>
  <suite started-at="2026-08-11T22:55:17 IST" name="Default suite" finished-at="2026-08-11T22:57:00 IST" duration-ms="103435">
    <groups>
    </groups>
    <test started-at="2026-08-11T22:55:17 IST" name="Default test" finished-at="2026-08-11T22:57:00 IST" duration-ms="103435">
      <class name="tests.DashboardSecurityTests">
        <test-method is-config="true" signature="setUp()[pri:0, instance:tests.DashboardSecurityTests@4802796d]" started-at="2026-08-11T22:55:17 IST" name="setUp" finished-at="2026-08-11T22:55:19 IST" duration-ms="2291" status="PASS">
          <reporter-output>
          </reporter-output>
        </test-method> <!-- setUp -->
        <test-method signature="testAccountAccessAfterLogin()[pri:0, instance:tests.DashboardSecurityTests@4802796d]" started-at="2026-08-11T22:55:19 IST" name="testAccountAccessAfterLogin" finished-at="2026-08-11T22:55:26 IST" duration-ms="6622" status="PASS">
          <reporter-output>
          </reporter-output>
        </test-method> <!-- testAccountAccessAfterLogin -->
        <test-method is-config="true" signature="tearDown()[pri:0, instance:tests.DashboardSecurityTests@4802796d]" started-at="2026-08-11T22:55:26 IST" name="tearDown" finished-at="2026-08-11T22:55:27 IST" duration-ms="582" status="PASS">
          <reporter-output>
          </reporter-output>
        </test-method> <!-- tearDown -->
        <test-method is-config="true" signature="setUp()[pri:0, instance:tests.DashboardSecurityTests@4802796d]" started-at="2026-08-11T22:55:27 IST" name="setUp" finished-at="2026-08-11T22:55:28 IST" duration-ms="1479" status="PASS">
          <reporter-output>
          </reporter-output>
        </test-method> <!-- setUp -->
        <test-method signature="testAccountAfterLogout()[pri:0, instance:tests.DashboardSecurityTests@4802796d]" started-at="2026-08-11T22:55:28 IST" name="testAccountAfterLogout" finished-at="2026-08-11T22:55:53 IST" duration-ms="24804" status="PASS">
          <reporter-output>
          </reporter-output>
        </test-method> <!-- testAccountAfterLogout -->
        <test-method is-config="true" signature="tearDown()[pri:0, instance:tests.DashboardSecurityTests@4802796d]" started-at="2026-08-11T22:55:53 IST" name="tearDown" finished-at="2026-08-11T22:55:54 IST" duration-ms="740" status="PASS">
          <reporter-output>
          </reporter-output>
        </test-method> <!-- tearDown -->
        <test-method is-config="true" signature="setUp()[pri:0, instance:tests.DashboardSecurityTests@4802796d]" started-at="2026-08-11T22:55:54 IST" name="setUp" finished-at="2026-08-11T22:55:55 IST" duration-ms="1411" status="PASS">
          <reporter-output>
          </reporter-output>
        </test-method> <!-- setUp -->
        <test-method signature="testAccountWithoutLogin()[pri:0, instance:tests.DashboardSecurityTests@4802796d]" started-at="2026-08-11T22:55:55 IST" name="testAccountWithoutLogin" finished-at="2026-08-11T22:56:15 IST" duration-ms="20009" status="PASS">
          <reporter-output>
          </reporter-output>
        </test-method> <!-- testAccountWithoutLogin -->
        <test-method is-config="true" signature="tearDown()[pri:0, instance:tests.DashboardSecurityTests@4802796d]" started-at="2026-08-11T22:56:15 IST" name="tearDown" finished-at="2026-08-11T22:56:16 IST" duration-ms="677" status="PASS">
          <reporter-output>
          </reporter-output>
        </test-method> <!-- tearDown -->
      </class> <!-- tests.DashboardSecurityTests -->
      <class name="tests.LoginTests">
        <test-method is-config="true" signature="setUp()[pri:0, instance:tests.LoginTests@6a78afa0]" started-at="2026-08-11T22:56:16 IST" name="setUp" finished-at="2026-08-11T22:56:17 IST" duration-ms="1498" status="PASS">
          <reporter-output>
          </reporter-output>
        </test-method> <!-- setUp -->
        <test-method signature="testEmptyCredentials()[pri:0, instance:tests.LoginTests@6a78afa0]" started-at="2026-08-11T22:56:17 IST" name="testEmptyCredentials" finished-at="2026-08-11T22:56:21 IST" duration-ms="3606" status="PASS">
          <reporter-output>
          </reporter-output>
        </test-method> <!-- testEmptyCredentials -->
        <test-method is-config="true" signature="tearDown()[pri:0, instance:tests.LoginTests@6a78afa0]" started-at="2026-08-11T22:56:21 IST" name="tearDown" finished-at="2026-08-11T22:56:21 IST" duration-ms="523" status="PASS">
          <reporter-output>
          </reporter-output>
        </test-method> <!-- tearDown -->
        <test-method is-config="true" signature="setUp()[pri:0, instance:tests.LoginTests@6a78afa0]" started-at="2026-08-11T22:56:21 IST" name="setUp" finished-at="2026-08-11T22:56:23 IST" duration-ms="1449" status="PASS">
          <reporter-output>
          </reporter-output>
        </test-method> <!-- setUp -->
        <test-method signature="testInvalidEmail()[pri:0, instance:tests.LoginTests@6a78afa0]" started-at="2026-08-11T22:56:23 IST" name="testInvalidEmail" finished-at="2026-08-11T22:56:27 IST" duration-ms="4469" status="PASS">
          <reporter-output>
          </reporter-output>
        </test-method> <!-- testInvalidEmail -->
        <test-method is-config="true" signature="tearDown()[pri:0, instance:tests.LoginTests@6a78afa0]" started-at="2026-08-11T22:56:27 IST" name="tearDown" finished-at="2026-08-11T22:56:28 IST" duration-ms="545" status="PASS">
          <reporter-output>
          </reporter-output>
        </test-method> <!-- tearDown -->
        <test-method is-config="true" signature="setUp()[pri:0, instance:tests.LoginTests@6a78afa0]" started-at="2026-08-11T22:56:28 IST" name="setUp" finished-at="2026-08-11T22:56:29 IST" duration-ms="1406" status="PASS">
          <reporter-output>
          </reporter-output>
        </test-method> <!-- setUp -->
        <test-method signature="testInvalidPassword()[pri:0, instance:tests.LoginTests@6a78afa0]" started-at="2026-08-11T22:56:29 IST" name="testInvalidPassword" finished-at="2026-08-11T22:56:34 IST" duration-ms="4655" status="PASS">
          <reporter-output>
          </reporter-output>
        </test-method> <!-- testInvalidPassword -->
        <test-method is-config="true" signature="tearDown()[pri:0, instance:tests.LoginTests@6a78afa0]" started-at="2026-08-11T22:56:34 IST" name="tearDown" finished-at="2026-08-11T22:56:34 IST" duration-ms="554" status="PASS">
          <reporter-output>
          </reporter-output>
        </test-method> <!-- tearDown -->
        <test-method is-config="true" signature="setUp()[pri:0, instance:tests.LoginTests@6a78afa0]" started-at="2026-08-11T22:56:34 IST" name="setUp" finished-at="2026-08-11T22:56:36 IST" duration-ms="1380" status="PASS">
          <reporter-output>
          </reporter-output>
        </test-method> <!-- setUp -->
        <test-method signature="testSuccessfulLogin()[pri:0, instance:tests.LoginTests@6a78afa0]" started-at="2026-08-11T22:56:36 IST" name="testSuccessfulLogin" finished-at="2026-08-11T22:56:43 IST" duration-ms="7005" status="PASS">
          <reporter-output>
          </reporter-output>
        </test-method> <!-- testSuccessfulLogin -->
        <test-method is-config="true" signature="tearDown()[pri:0, instance:tests.LoginTests@6a78afa0]" started-at="2026-08-11T22:56:43 IST" name="tearDown" finished-at="2026-08-11T22:56:43 IST" duration-ms="584" status="PASS">
          <reporter-output>
          </reporter-output>
        </test-method> <!-- tearDown -->
      </class> <!-- tests.LoginTests -->
      <class name="tests.RegistrationTests">
        <test-method is-config="true" signature="setUp()[pri:0, instance:tests.RegistrationTests@2f4948e4]" started-at="2026-08-11T22:56:43 IST" name="setUp" finished-at="2026-08-11T22:56:45 IST" duration-ms="1416" status="PASS">
          <reporter-output>
          </reporter-output>
        </test-method> <!-- setUp -->
        <test-method signature="testCompleteRegistrationLoginAndDuplicateFlow()[pri:0, instance:tests.RegistrationTests@2f4948e4]" started-at="2026-08-11T22:56:45 IST" name="testCompleteRegistrationLoginAndDuplicateFlow" finished-at="2026-08-11T22:57:00 IST" duration-ms="14811" status="PASS">
          <reporter-output>
          </reporter-output>
        </test-method> <!-- testCompleteRegistrationLoginAndDuplicateFlow -->
        <test-method is-config="true" signature="tearDown()[pri:0, instance:tests.RegistrationTests@2f4948e4]" started-at="2026-08-11T22:57:00 IST" name="tearDown" finished-at="2026-08-11T22:57:00 IST" duration-ms="765" status="PASS">
          <reporter-output>
          </reporter-output>
        </test-method> <!-- tearDown -->
      </class> <!-- tests.RegistrationTests -->
    </test> <!-- Default test -->
  </suite> <!-- Default suite -->
</testng-results>
