<?xml version="1.0" encoding="UTF-8"?>
<!-- Generated by org.testng.reporters.JUnitReportReporter -->
<testsuite hostname="DESKTOP-BRJJBAP" failures="0" tests="3" name="tests.DashboardSecurityTests" time="58.615" errors="0" timestamp="2026-08-11T22:57:01 IST" skipped="0">
  <testcase classname="tests.DashboardSecurityTests" name="testAccountAfterLogout" time="27.023"/>
  <testcase classname="tests.DashboardSecurityTests" name="testAccountAccessAfterLogin" time="8.710"/>
  <testcase classname="tests.DashboardSecurityTests" name="testAccountWithoutLogin" time="22.882"/>
</testsuite> <!-- tests.DashboardSecurityTests -->
