<?xml version="1.0" encoding="UTF-8"?>
<!-- Generated by org.testng.reporters.JUnitReportReporter -->
<testsuite hostname="DESKTOP-BRJJBAP" failures="0" tests="4" name="tests.LoginTests" time="27.674" errors="0" timestamp="2026-08-11T22:57:01 IST" skipped="0">
  <testcase classname="tests.LoginTests" name="testInvalidPassword" time="6.619"/>
  <testcase classname="tests.LoginTests" name="testSuccessfulLogin" time="8.977"/>
  <testcase classname="tests.LoginTests" name="testInvalidEmail" time="6.420"/>
  <testcase classname="tests.LoginTests" name="testEmptyCredentials" time="5.658"/>
</testsuite> <!-- tests.LoginTests -->
